Compiling the C compiler identification source file "CMakeCCompilerId.c" failed.
Compiler: C:/Program Files/LLVM/bin/clang-cl.exe 
Build flags: 
Id flags:  

The output was:
1
clang-cl: error: unable to execute command: program not executable
clang-cl: error: linker command failed with exit code 1 (use -v to see invocation)


Compiling the CXX compiler identification source file "CMakeCXXCompilerId.cpp" failed.
Compiler: C:/Program Files/LLVM/bin/clang-cl.exe 
Build flags: 
Id flags:  

The output was:
1
clang-cl: error: unable to execute command: program not executable
clang-cl: error: linker command failed with exit code 1 (use -v to see invocation)


Determining if the include file pthread.h exists failed with the following output:
Change Dir: C:/Users/geger/CLionProjects/Reyes/Sandbox/build/CMakeFiles/CMakeTmp

Run Build Command(s):C:/Users/geger/ninja/ninja.exe cmTC_1b88b && [1/2] Building C object CMakeFiles\cmTC_1b88b.dir\CheckIncludeFile.c.obj
FAILED: CMakeFiles/cmTC_1b88b.dir/CheckIncludeFile.c.obj 
C:\PROGRA~1\LLVM\bin\clang-cl.exe  /nologo   /DWIN32 /D_WINDOWS  /Zi /Ob0 /Od /RTC1 -MDd /showIncludes /FoCMakeFiles\cmTC_1b88b.dir\CheckIncludeFile.c.obj /FdCMakeFiles\cmTC_1b88b.dir\ -c CheckIncludeFile.c
CheckIncludeFile.c(1,10): fatal error: 'pthread.h' file not found
#include <pthread.h>
         ^~~~~~~~~~~
1 error generated.
ninja: build stopped: subcommand failed.



